(kenv) ❯ make test
Running tests...
Test project /home/jenefre/Documents/computer/openbabel-openbabel-2-4-1/build/test
        Start   1: test_align_1
  1/160 Test   #1: test_align_1 .....................   Passed    0.01 sec
        Start   2: test_align_2
  2/160 Test   #2: test_align_2 .....................   Passed    0.00 sec
        Start   3: test_align_3
  3/160 Test   #3: test_align_3 .....................   Passed    0.00 sec
        Start   4: test_align_4
  4/160 Test   #4: test_align_4 .....................   Passed    0.16 sec
        Start   5: test_align_5
  5/160 Test   #5: test_align_5 .....................   Passed    0.03 sec
        Start   6: test_automorphism_1
  6/160 Test   #6: test_automorphism_1 ..............   Passed    0.02 sec
        Start   7: test_automorphism_2
  7/160 Test   #7: test_automorphism_2 ..............   Passed    0.02 sec
        Start   8: test_automorphism_3
  8/160 Test   #8: test_automorphism_3 ..............   Passed    0.02 sec
        Start   9: test_automorphism_4
  9/160 Test   #9: test_automorphism_4 ..............   Passed    0.02 sec
        Start  10: test_automorphism_5
 10/160 Test  #10: test_automorphism_5 ..............   Passed    0.02 sec
        Start  11: test_automorphism_6
 11/160 Test  #11: test_automorphism_6 ..............   Passed    0.02 sec
        Start  12: test_automorphism_7
 12/160 Test  #12: test_automorphism_7 ..............   Passed    0.02 sec
        Start  13: test_automorphism_8
 13/160 Test  #13: test_automorphism_8 ..............   Passed    0.02 sec
        Start  14: test_automorphism_9
 14/160 Test  #14: test_automorphism_9 ..............   Passed    0.02 sec
        Start  15: test_automorphism_10
 15/160 Test  #15: test_automorphism_10 .............   Passed    0.02 sec
        Start  16: test_builder_1
 16/160 Test  #16: test_builder_1 ...................   Passed    2.15 sec
        Start  17: test_builder_2
 17/160 Test  #17: test_builder_2 ...................   Passed    0.23 sec
        Start  18: test_builder_3
 18/160 Test  #18: test_builder_3 ...................   Passed    0.09 sec
        Start  19: test_builder_4
 19/160 Test  #19: test_builder_4 ...................   Passed    0.07 sec
        Start  20: test_builder_5
 20/160 Test  #20: test_builder_5 ...................   Passed    0.07 sec
        Start  21: test_canonconsistent_1
 21/160 Test  #21: test_canonconsistent_1 ...........   Passed    0.13 sec
        Start  22: test_canonconsistent_2
 22/160 Test  #22: test_canonconsistent_2 ...........   Passed    0.02 sec
        Start  23: test_canonconsistent_3
 23/160 Test  #23: test_canonconsistent_3 ...........   Passed    0.05 sec
        Start  24: test_canonstable_1
 24/160 Test  #24: test_canonstable_1 ...............   Passed    5.24 sec
        Start  25: test_carspacegroup_1
 25/160 Test  #25: test_carspacegroup_1 .............   Passed    0.03 sec
        Start  26: test_carspacegroup_2
 26/160 Test  #26: test_carspacegroup_2 .............   Passed    0.19 sec
        Start  27: test_carspacegroup_3
 27/160 Test  #27: test_carspacegroup_3 .............   Passed    0.17 sec
        Start  28: test_carspacegroup_4
 28/160 Test  #28: test_carspacegroup_4 .............   Passed    0.17 sec
        Start  29: test_cifspacegroup_1
 29/160 Test  #29: test_cifspacegroup_1 .............   Passed    0.17 sec
        Start  30: test_cifspacegroup_2
 30/160 Test  #30: test_cifspacegroup_2 .............   Passed    0.17 sec
        Start  31: test_cifspacegroup_3
 31/160 Test  #31: test_cifspacegroup_3 .............   Passed    0.00 sec
        Start  32: test_cifspacegroup_4
 32/160 Test  #32: test_cifspacegroup_4 .............   Passed    0.17 sec
        Start  33: test_cistrans_1
 33/160 Test  #33: test_cistrans_1 ..................   Passed    0.00 sec
        Start  34: test_cistrans_2
 34/160 Test  #34: test_cistrans_2 ..................   Passed    0.00 sec
        Start  35: test_cistrans_3
 35/160 Test  #35: test_cistrans_3 ..................   Passed    0.00 sec
        Start  36: test_cistrans_4
 36/160 Test  #36: test_cistrans_4 ..................   Passed    0.00 sec
        Start  37: test_cistrans_5
 37/160 Test  #37: test_cistrans_5 ..................   Passed    0.00 sec
        Start  38: test_cistrans_6
 38/160 Test  #38: test_cistrans_6 ..................   Passed    0.02 sec
        Start  39: test_cistrans_7
 39/160 Test  #39: test_cistrans_7 ..................   Passed    0.02 sec
        Start  40: test_cistrans_8
 40/160 Test  #40: test_cistrans_8 ..................   Passed    0.02 sec
        Start  41: test_cistrans_9
 41/160 Test  #41: test_cistrans_9 ..................   Passed    0.02 sec
        Start  42: test_graphsym_1
 42/160 Test  #42: test_graphsym_1 ..................   Passed    0.03 sec
        Start  43: test_graphsym_2
 43/160 Test  #43: test_graphsym_2 ..................   Passed    0.02 sec
        Start  44: test_graphsym_3
 44/160 Test  #44: test_graphsym_3 ..................   Passed    0.03 sec
        Start  45: test_graphsym_4
 45/160 Test  #45: test_graphsym_4 ..................   Passed    0.02 sec
        Start  46: test_graphsym_5
 46/160 Test  #46: test_graphsym_5 ..................   Passed    0.03 sec
        Start  47: test_gzip_1
 47/160 Test  #47: test_gzip_1 ......................   Passed    0.11 sec
        Start  48: test_implicitH_1
 48/160 Test  #48: test_implicitH_1 .................   Passed    0.02 sec
        Start  49: test_lssr_1
 49/160 Test  #49: test_lssr_1 ......................   Passed    0.06 sec
        Start  50: test_lssr_2
 50/160 Test  #50: test_lssr_2 ......................   Passed    1.34 sec
        Start  51: test_lssr_3
 51/160 Test  #51: test_lssr_3 ......................   Passed    0.42 sec
        Start  52: test_lssr_4
 52/160 Test  #52: test_lssr_4 ......................   Passed    0.42 sec
        Start  53: test_lssr_5
 53/160 Test  #53: test_lssr_5 ......................   Passed    0.03 sec
        Start  54: test_isomorphism_1
 54/160 Test  #54: test_isomorphism_1 ...............   Passed    0.02 sec
        Start  55: test_isomorphism_2
 55/160 Test  #55: test_isomorphism_2 ...............   Passed    0.02 sec
        Start  56: test_isomorphism_3
 56/160 Test  #56: test_isomorphism_3 ...............   Passed    0.02 sec
        Start  57: test_isomorphism_4
 57/160 Test  #57: test_isomorphism_4 ...............   Passed    0.02 sec
        Start  58: test_isomorphism_5
 58/160 Test  #58: test_isomorphism_5 ...............   Passed    0.02 sec
        Start  59: test_isomorphism_6
 59/160 Test  #59: test_isomorphism_6 ...............   Passed    0.02 sec
        Start  60: test_isomorphism_7
 60/160 Test  #60: test_isomorphism_7 ...............   Passed    0.02 sec
        Start  61: test_isomorphism_8
 61/160 Test  #61: test_isomorphism_8 ...............   Passed    0.02 sec
        Start  62: test_multicml_1
 62/160 Test  #62: test_multicml_1 ..................   Passed    0.02 sec
        Start  63: test_regressions_1
 63/160 Test  #63: test_regressions_1 ...............   Passed    0.02 sec
        Start  64: test_regressions_221
 64/160 Test  #64: test_regressions_221 .............   Passed    0.02 sec
        Start  65: test_regressions_222
 65/160 Test  #65: test_regressions_222 .............   Passed    0.02 sec
        Start  66: test_regressions_223
 66/160 Test  #66: test_regressions_223 .............   Passed    0.02 sec
        Start  67: test_regressions_224
 67/160 Test  #67: test_regressions_224 .............   Passed    0.02 sec
        Start  68: test_rotor_1
 68/160 Test  #68: test_rotor_1 .....................   Passed    0.00 sec
        Start  69: test_rotor_2
 69/160 Test  #69: test_rotor_2 .....................   Passed    0.02 sec
        Start  70: test_rotor_3
 70/160 Test  #70: test_rotor_3 .....................   Passed    0.02 sec
        Start  71: test_rotor_4
 71/160 Test  #71: test_rotor_4 .....................   Passed    0.02 sec
        Start  72: test_shuffle_1
 72/160 Test  #72: test_shuffle_1 ...................   Passed    0.24 sec
        Start  73: test_shuffle_2
 73/160 Test  #73: test_shuffle_2 ...................   Passed    0.38 sec
        Start  74: test_shuffle_3
 74/160 Test  #74: test_shuffle_3 ...................   Passed    0.11 sec
        Start  75: test_shuffle_4
 75/160 Test  #75: test_shuffle_4 ...................   Passed    0.04 sec
        Start  76: test_shuffle_5
 76/160 Test  #76: test_shuffle_5 ...................   Passed    0.10 sec
        Start  77: test_smiles_1
 77/160 Test  #77: test_smiles_1 ....................   Passed    0.02 sec
        Start  78: test_smiles_2
 78/160 Test  #78: test_smiles_2 ....................   Passed    0.02 sec
        Start  79: test_smiles_3
 79/160 Test  #79: test_smiles_3 ....................   Passed    0.03 sec
        Start  80: test_spectrophore_1
 80/160 Test  #80: test_spectrophore_1 ..............   Passed    0.23 sec
        Start  81: test_spectrophore_2
 81/160 Test  #81: test_spectrophore_2 ..............   Passed    0.02 sec
        Start  82: test_spectrophore_3
 82/160 Test  #82: test_spectrophore_3 ..............   Passed    0.01 sec
        Start  83: test_spectrophore_4
 83/160 Test  #83: test_spectrophore_4 ..............   Passed    0.02 sec
        Start  84: test_spectrophore_5
 84/160 Test  #84: test_spectrophore_5 ..............   Passed    0.01 sec
        Start  85: test_squareplanar_1
 85/160 Test  #85: test_squareplanar_1 ..............   Passed    0.00 sec
        Start  86: test_squareplanar_2
 86/160 Test  #86: test_squareplanar_2 ..............   Passed    0.00 sec
        Start  87: test_squareplanar_3
 87/160 Test  #87: test_squareplanar_3 ..............   Passed    0.00 sec
        Start  88: test_squareplanar_4
 88/160 Test  #88: test_squareplanar_4 ..............   Passed    0.00 sec
        Start  89: test_squareplanar_5
 89/160 Test  #89: test_squareplanar_5 ..............   Passed    0.00 sec
        Start  90: test_stereo_1
 90/160 Test  #90: test_stereo_1 ....................   Passed    0.00 sec
        Start  91: test_stereo_2
 91/160 Test  #91: test_stereo_2 ....................   Passed    0.00 sec
        Start  92: test_stereo_3
 92/160 Test  #92: test_stereo_3 ....................   Passed    0.00 sec
        Start  93: test_stereo_4
 93/160 Test  #93: test_stereo_4 ....................   Passed    0.00 sec
        Start  94: test_stereo_5
 94/160 Test  #94: test_stereo_5 ....................   Passed    0.00 sec
        Start  95: test_stereo_6
 95/160 Test  #95: test_stereo_6 ....................   Passed    0.14 sec
        Start  96: test_stereoperception_1
 96/160 Test  #96: test_stereoperception_1 ..........   Passed    0.02 sec
        Start  97: test_stereoperception_2
 97/160 Test  #97: test_stereoperception_2 ..........   Passed    0.03 sec
        Start  98: test_stereoperception_3
 98/160 Test  #98: test_stereoperception_3 ..........   Passed    0.02 sec
        Start  99: test_stereoperception_4
 99/160 Test  #99: test_stereoperception_4 ..........   Passed    0.02 sec
        Start 100: test_tautomer_1
100/160 Test #100: test_tautomer_1 ..................   Passed    0.02 sec
        Start 101: test_tautomer_2
101/160 Test #101: test_tautomer_2 ..................   Passed    0.03 sec
        Start 102: test_tetrahedral_1
102/160 Test #102: test_tetrahedral_1 ...............   Passed    0.00 sec
        Start 103: test_tetrahedral_2
103/160 Test #103: test_tetrahedral_2 ...............   Passed    0.00 sec
        Start 104: test_tetrahedral_3
104/160 Test #104: test_tetrahedral_3 ...............   Passed    0.00 sec
        Start 105: test_tetrahedral_4
105/160 Test #105: test_tetrahedral_4 ...............   Passed    0.00 sec
        Start 106: test_tetrahedral_5
106/160 Test #106: test_tetrahedral_5 ...............   Passed    0.00 sec
        Start 107: test_tetranonplanar_1
107/160 Test #107: test_tetranonplanar_1 ............   Passed    0.00 sec
        Start 108: test_tetraplanar_1
108/160 Test #108: test_tetraplanar_1 ...............   Passed    0.00 sec
        Start 109: test_uniqueid_1
109/160 Test #109: test_uniqueid_1 ..................   Passed    0.00 sec
        Start 110: test_uniqueid_2
110/160 Test #110: test_uniqueid_2 ..................   Passed    0.00 sec
        Start 111: test_aromatest_1
111/160 Test #111: test_aromatest_1 .................   Passed    0.03 sec
        Start 112: test_atom_1
112/160 Test #112: test_atom_1 ......................   Passed    0.00 sec
        Start 113: test_atom_2
113/160 Test #113: test_atom_2 ......................   Passed    0.00 sec
        Start 114: test_atom_3
114/160 Test #114: test_atom_3 ......................   Passed    0.00 sec
        Start 115: test_atom_4
115/160 Test #115: test_atom_4 ......................   Passed    0.00 sec
        Start 116: test_bond_1
116/160 Test #116: test_bond_1 ......................   Passed    0.01 sec
        Start 117: test_cansmi_1
117/160 Test #117: test_cansmi_1 ....................   Passed    0.53 sec
        Start 118: test_charge_mmff94_1
118/160 Test #118: test_charge_mmff94_1 .............   Passed    0.14 sec
        Start 119: test_charge_gasteiger_1
119/160 Test #119: test_charge_gasteiger_1 ..........   Passed    0.05 sec
        Start 120: test_conversion_1
120/160 Test #120: test_conversion_1 ................   Passed    0.02 sec
        Start 121: test_datatest_1
121/160 Test #121: test_datatest_1 ..................   Passed    0.00 sec
        Start 122: test_ffgaff_1
122/160 Test #122: test_ffgaff_1 ....................   Passed    0.45 sec
        Start 123: test_ffghemical_1
123/160 Test #123: test_ffghemical_1 ................   Passed    1.11 sec
        Start 124: test_ffmmff94_1
124/160 Test #124: test_ffmmff94_1 ..................   Passed    0.54 sec
        Start 125: test_ffmmff94_2
125/160 Test #125: test_ffmmff94_2 ..................   Passed    0.08 sec
        Start 126: test_ffuff_1
126/160 Test #126: test_ffuff_1 .....................   Passed    0.37 sec
        Start 127: test_formalcharge_1
127/160 Test #127: test_formalcharge_1 ..............   Passed    0.07 sec
        Start 128: test_format_1
128/160 Test #128: test_format_1 ....................   Passed    0.02 sec
        Start 129: test_formula_1
129/160 Test #129: test_formula_1 ...................   Passed    0.08 sec
        Start 130: test_internalcoord_1
130/160 Test #130: test_internalcoord_1 .............   Passed    0.00 sec
        Start 131: test_invalidsmarts_1
131/160 Test #131: test_invalidsmarts_1 .............   Passed    0.00 sec
        Start 132: test_invalidsmiles_1
132/160 Test #132: test_invalidsmiles_1 .............   Passed    0.00 sec
        Start 133: test_iterators_1
133/160 Test #133: test_iterators_1 .................   Passed    0.07 sec
        Start 134: test_logp_psa_1
134/160 Test #134: test_logp_psa_1 ..................   Passed    0.03 sec
        Start 135: test_math_1
135/160 Test #135: test_math_1 ......................   Passed    0.03 sec
        Start 136: test_math_2
136/160 Test #136: test_math_2 ......................   Passed    0.01 sec
        Start 137: test_math_3
137/160 Test #137: test_math_3 ......................   Passed    0.00 sec
        Start 138: test_math_4
138/160 Test #138: test_math_4 ......................   Passed    0.01 sec
        Start 139: test_mol_1
139/160 Test #139: test_mol_1 .......................   Passed    0.02 sec
        Start 140: test_phmodel_1
140/160 Test #140: test_phmodel_1 ...................   Passed    0.03 sec
        Start 141: test_residue_1
141/160 Test #141: test_residue_1 ...................   Passed    0.02 sec
        Start 142: test_ringtest_1
142/160 Test #142: test_ringtest_1 ..................   Passed    0.09 sec
        Start 143: test_smartstest_1
143/160 Test #143: test_smartstest_1 ................   Passed    0.11 sec
        Start 144: test_smartsparse_1
144/160 Test #144: test_smartsparse_1 ...............   Passed    0.00 sec
        Start 145: test_smilesmatch_1
145/160 Test #145: test_smilesmatch_1 ...............   Passed    0.35 sec
        Start 146: test_unitcell_1
146/160 Test #146: test_unitcell_1 ..................   Passed    0.01 sec
        Start 147: test_cmlreadfile_1
147/160 Test #147: test_cmlreadfile_1 ...............   Passed    0.02 sec
        Start 148: inchiSamples.sdf_Test
148/160 Test #148: inchiSamples.sdf_Test ............   Passed    0.08 sec
        Start 149: inchiSamplesTechMan.sdf_Test
149/160 Test #149: inchiSamplesTechMan.sdf_Test .....   Passed    0.04 sec
        Start 150: inchiSteffen_PubChem.smi_Test
150/160 Test #150: inchiSteffen_PubChem.smi_Test ....   Passed    0.04 sec
        Start 151: pytest_babel
151/160 Test #151: pytest_babel .....................   Passed    0.05 sec
        Start 152: pytest_sym
152/160 Test #152: pytest_sym .......................   Passed    2.79 sec
        Start 153: pytest_smartssym
153/160 Test #153: pytest_smartssym .................   Passed    0.77 sec
        Start 154: pytest_fastsearch
154/160 Test #154: pytest_fastsearch ................   Passed    0.09 sec
        Start 155: pytest_unique
155/160 Test #155: pytest_unique ....................   Passed    0.23 sec
        Start 156: pytest_kekule
156/160 Test #156: pytest_kekule ....................   Passed    0.47 sec
        Start 157: pytest_pdbformat
157/160 Test #157: pytest_pdbformat .................   Passed    0.05 sec
        Start 158: pybindtest_bindings
158/160 Test #158: pybindtest_bindings ..............   Passed    0.14 sec
        Start 159: pybindtest__pybel
159/160 Test #159: pybindtest__pybel ................   Passed    0.41 sec
        Start 160: pybindtest_example
160/160 Test #160: pybindtest_example ...............   Passed    0.08 sec

100% tests passed, 0 tests failed out of 160

Total Test time (real) =  23.82 sec
                    
